# JRE version: Java(TM) SE Runtime Environment (22.0.2+9) (build 22.0.2+9-70)
# Java VM: Java HotSpot(TM) 64-Bit Server VM (22.0.2+9-70, mixed mode, sharing, tiered, compressed oops, compressed class ptrs, g1 gc, windows-amd64)
GC Precious Log:
 CardTable entry size: 512
 Card Set container configuration: InlinePtr #cards 4 size 8 Array Of Cards #cards 16 size 48 Howl #buckets 8 coarsen threshold 3686 Howl Bitmap #cards 512 size 80 coarsen threshold 460 Card regions per heap region 1 cards per card region 4096
 CPUs: 8 total, 8 available
 Memory: 15761M
 Large Page Support: Disabled
 NUMA Support: Disabled
 Compressed Oops: Enabled (Zero based)
 Heap Region Size: 2M
 Heap Min Capacity: 8M
 Heap Initial Capacity: 248M
 Heap Max Capacity: 3942M
 Pre-touch: Disabled
 Parallel Workers: 8
 Concurrent Workers: 2
 Concurrent Refinement Workers: 8
 Periodic GC: Disabled
Heap:
 garbage-first heap   total reserved 4036608K, committed 217088K, used 69196K [0x0000000709a00000, 0x0000000800000000)
  region size 2048K, 9 young (18432K), 2 survivors (4096K)
 Metaspace       used 91160K, committed 92096K, reserved 1179648K
  class space    used 12321K, committed 12736K, reserved 1048576K
GC Heap History (20 events):
Event: 16.693 GC heap before
{Heap before GC invocations=21 (full 0):
 garbage-first heap   total reserved 4036608K, committed 102400K, used 82470K [0x0000000709a00000, 0x0000000800000000)
  region size 2048K, 18 young (36864K), 3 survivors (6144K)
 Metaspace       used 79822K, committed 80640K, reserved 1179648K
  class space    used 11018K, committed 11392K, reserved 1048576K
}
Event: 16.701 GC heap after
{Heap after GC invocations=22 (full 0):
 garbage-first heap   total reserved 4036608K, committed 102400K, used 59392K [0x0000000709a00000, 0x0000000800000000)
  region size 2048K, 3 young (6144K), 3 survivors (6144K)
 Metaspace       used 79822K, committed 80640K, reserved 1179648K
  class space    used 11018K, committed 11392K, reserved 1048576K
}
Event: 16.837 GC heap before
{Heap before GC invocations=22 (full 0):
 garbage-first heap   total reserved 4036608K, committed 102400K, used 83968K [0x0000000709a00000, 0x0000000800000000)
  region size 2048K, 16 young (32768K), 3 survivors (6144K)
 Metaspace       used 79868K, committed 80704K, reserved 1179648K
  class space    used 11021K, committed 11392K, reserved 1048576K
}
Event: 16.844 GC heap after
{Heap after GC invocations=23 (full 0):
 garbage-first heap   total reserved 4036608K, committed 102400K, used 67396K [0x0000000709a00000, 0x0000000800000000)
  region size 2048K, 2 young (4096K), 2 survivors (4096K)
 Metaspace       used 79868K, committed 80704K, reserved 1179648K
  class space    used 11021K, committed 11392K, reserved 1048576K
}
Event: 16.905 GC heap before
{Heap before GC invocations=23 (full 0):
 garbage-first heap   total reserved 4036608K, committed 102400K, used 85828K [0x0000000709a00000, 0x0000000800000000)
  region size 2048K, 12 young (24576K), 2 survivors (4096K)
 Metaspace       used 79884K, committed 80704K, reserved 1179648K
  class space    used 11021K, committed 11392K, reserved 1048576K
}
Event: 16.910 GC heap after
{Heap after GC invocations=24 (full 0):
 garbage-first heap   total reserved 4036608K, committed 102400K, used 73009K [0x0000000709a00000, 0x0000000800000000)
  region size 2048K, 2 young (4096K), 2 survivors (4096K)
 Metaspace       used 79884K, committed 80704K, reserved 1179648K
  class space    used 11021K, committed 11392K, reserved 1048576K
}
Event: 17.011 GC heap before
{Heap before GC invocations=25 (full 0):
 garbage-first heap   total reserved 4036608K, committed 120832K, used 85297K [0x0000000709a00000, 0x0000000800000000)
  region size 2048K, 10 young (20480K), 2 survivors (4096K)
 Metaspace       used 79895K, committed 80768K, reserved 1179648K
  class space    used 11021K, committed 11392K, reserved 1048576K
}
Event: 17.017 GC heap after
{Heap after GC invocations=26 (full 0):
 garbage-first heap   total reserved 4036608K, committed 120832K, used 77188K [0x0000000709a00000, 0x0000000800000000)
  region size 2048K, 2 young (4096K), 2 survivors (4096K)
 Metaspace       used 79895K, committed 80768K, reserved 1179648K
  class space    used 11021K, committed 11392K, reserved 1048576K
}
Event: 17.113 GC heap before
{Heap before GC invocations=26 (full 0):
 garbage-first heap   total reserved 4036608K, committed 120832K, used 97668K [0x0000000709a00000, 0x0000000800000000)
  region size 2048K, 13 young (26624K), 2 survivors (4096K)
 Metaspace       used 79899K, committed 80768K, reserved 1179648K
  class space    used 11021K, committed 11392K, reserved 1048576K
}
Event: 17.120 GC heap after
{Heap after GC invocations=27 (full 0):
 garbage-first heap   total reserved 4036608K, committed 217088K, used 74019K [0x0000000709a00000, 0x0000000800000000)
  region size 2048K, 2 young (4096K), 2 survivors (4096K)
 Metaspace       used 79899K, committed 80768K, reserved 1179648K
  class space    used 11021K, committed 11392K, reserved 1048576K
}
Event: 21.359 GC heap before
{Heap before GC invocations=27 (full 0):
 garbage-first heap   total reserved 4036608K, committed 217088K, used 145699K [0x0000000709a00000, 0x0000000800000000)
  region size 2048K, 38 young (77824K), 2 survivors (4096K)
 Metaspace       used 88491K, committed 89408K, reserved 1179648K
  class space    used 12254K, committed 12672K, reserved 1048576K
}
Event: 21.372 GC heap after
{Heap after GC invocations=28 (full 0):
 garbage-first heap   total reserved 4036608K, committed 217088K, used 84588K [0x0000000709a00000, 0x0000000800000000)
  region size 2048K, 5 young (10240K), 5 survivors (10240K)
 Metaspace       used 88491K, committed 89408K, reserved 1179648K
  class space    used 12254K, committed 12672K, reserved 1048576K
}
Event: 890.492 GC heap before
{Heap before GC invocations=28 (full 0):
 garbage-first heap   total reserved 4036608K, committed 217088K, used 156268K [0x0000000709a00000, 0x0000000800000000)
  region size 2048K, 40 young (81920K), 5 survivors (10240K)
 Metaspace       used 88950K, committed 89856K, reserved 1179648K
  class space    used 12257K, committed 12672K, reserved 1048576K
}
Event: 890.502 GC heap after
{Heap after GC invocations=29 (full 0):
 garbage-first heap   total reserved 4036608K, committed 217088K, used 86722K [0x0000000709a00000, 0x0000000800000000)
  region size 2048K, 1 young (2048K), 1 survivors (2048K)
 Metaspace       used 88950K, committed 89856K, reserved 1179648K
  class space    used 12257K, committed 12672K, reserved 1048576K
}
Event: 1813.657 GC heap before
{Heap before GC invocations=29 (full 0):
 garbage-first heap   total reserved 4036608K, committed 217088K, used 166594K [0x0000000709a00000, 0x0000000800000000)
  region size 2048K, 40 young (81920K), 1 survivors (2048K)
 Metaspace       used 89408K, committed 90304K, reserved 1179648K
  class space    used 12262K, committed 12672K, reserved 1048576K
}
Event: 1813.671 GC heap after
{Heap after GC invocations=30 (full 0):
 garbage-first heap   total reserved 4036608K, committed 217088K, used 86513K [0x0000000709a00000, 0x0000000800000000)
  region size 2048K, 1 young (2048K), 1 survivors (2048K)
 Metaspace       used 89408K, committed 90304K, reserved 1179648K
  class space    used 12262K, committed 12672K, reserved 1048576K
}
Event: 2759.676 GC heap before
{Heap before GC invocations=31 (full 0):
 garbage-first heap   total reserved 4036608K, committed 217088K, used 172529K [0x0000000709a00000, 0x0000000800000000)
  region size 2048K, 47 young (96256K), 1 survivors (2048K)
 Metaspace       used 90713K, committed 91648K, reserved 1179648K
  class space    used 12283K, committed 12736K, reserved 1048576K
}
Event: 2759.680 GC heap after
{Heap after GC invocations=32 (full 0):
 garbage-first heap   total reserved 4036608K, committed 217088K, used 78400K [0x0000000709a00000, 0x0000000800000000)
  region size 2048K, 1 young (2048K), 1 survivors (2048K)
 Metaspace       used 90713K, committed 91648K, reserved 1179648K
  class space    used 12283K, committed 12736K, reserved 1048576K
}
Event: 4043.647 GC heap before
{Heap before GC invocations=32 (full 0):
 garbage-first heap   total reserved 4036608K, committed 217088K, used 182848K [0x0000000709a00000, 0x0000000800000000)
  region size 2048K, 52 young (106496K), 1 survivors (2048K)
 Metaspace       used 90998K, committed 91904K, reserved 1179648K
  class space    used 12312K, committed 12736K, reserved 1048576K
}
Event: 4043.664 GC heap after
{Heap after GC invocations=33 (full 0):
 garbage-first heap   total reserved 4036608K, committed 217088K, used 56908K [0x0000000709a00000, 0x0000000800000000)
  region size 2048K, 2 young (4096K), 2 survivors (4096K)
 Metaspace       used 90998K, committed 91904K, reserved 1179648K
  class space    used 12312K, committed 12736K, reserved 1048576K
}

